#########################
LOGFILES SYNTHESIS ENGINE
Author: Júlio Dias
#########################


----------NEW RUN----------
---[2021-07-26 23:18:26]---

[INFO] SDL STARTED
[INFO] ASSET MANAGER CREATED
[INFO] WINDOW CREATION SUCCESSFUL
[INFO] TEXT MANAGER INITIALIZED
[INFO] TEXTURE MANAGER DESTROYED
[INFO] GRAPHICS DESTROYED
[INFO] TEXT MANAGER DESTROYED

----------NEW RUN----------
---[2021-07-27 13:48:35]---

[INFO] SDL STARTED
[INFO] ASSET MANAGER CREATED
[INFO] WINDOW CREATION SUCCESSFUL
[INFO] TEXT MANAGER INITIALIZED

----------NEW RUN----------
---[2021-07-27 13:55:07]---

[INFO] SDL STARTED
[INFO] ASSET MANAGER CREATED
[INFO] WINDOW CREATION SUCCESSFUL
[INFO] TEXT MANAGER INITIALIZED
[INFO] TEXTURE MANAGER DESTROYED
[INFO] GRAPHICS DESTROYED
[INFO] TEXT MANAGER DESTROYED

----------NEW RUN----------
---[2021-07-27 14:05:38]---

[INFO] SDL STARTED
[INFO] ASSET MANAGER CREATED
[INFO] WINDOW CREATION SUCCESSFUL
[INFO] TEXT MANAGER INITIALIZED
[INFO] TEXTURE MANAGER DESTROYED
[INFO] GRAPHICS DESTROYED
[INFO] TEXT MANAGER DESTROYED

----------NEW RUN----------
---[2021-07-27 14:08:57]---

[INFO] SDL STARTED
[INFO] ASSET MANAGER CREATED
[INFO] WINDOW CREATION SUCCESSFUL
[INFO] TEXT MANAGER INITIALIZED

----------NEW RUN----------
---[2021-07-27 14:10:42]---

[INFO] SDL STARTED
[INFO] ASSET MANAGER CREATED
[INFO] WINDOW CREATION SUCCESSFUL
[INFO] TEXT MANAGER INITIALIZED

----------NEW RUN----------
---[2021-07-27 14:32:53]---

[INFO] SDL STARTED
[INFO] ASSET MANAGER CREATED
[INFO] WINDOW CREATION SUCCESSFUL
[INFO] TEXT MANAGER INITIALIZED

----------NEW RUN----------
---[2021-07-27 14:32:59]---

[INFO] SDL STARTED
[INFO] ASSET MANAGER CREATED
[INFO] WINDOW CREATION SUCCESSFUL
[INFO] TEXT MANAGER INITIALIZED

----------NEW RUN----------
---[2021-07-27 14:33:45]---

[INFO] SDL STARTED
[INFO] ASSET MANAGER CREATED
[INFO] WINDOW CREATION SUCCESSFUL
[INFO] TEXT MANAGER INITIALIZED

----------NEW RUN----------
---[2021-07-27 14:34:09]---

[INFO] SDL STARTED
[INFO] ASSET MANAGER CREATED
[INFO] WINDOW CREATION SUCCESSFUL
[INFO] TEXT MANAGER INITIALIZED

----------NEW RUN----------
---[2021-07-27 14:34:38]---

[INFO] SDL STARTED
[INFO] ASSET MANAGER CREATED
[INFO] WINDOW CREATION SUCCESSFUL
[INFO] TEXT MANAGER INITIALIZED

----------NEW RUN----------
---[2021-07-27 14:35:48]---

[INFO] SDL STARTED
[INFO] ASSET MANAGER CREATED
[INFO] WINDOW CREATION SUCCESSFUL
[INFO] TEXT MANAGER INITIALIZED

----------NEW RUN----------
---[2021-07-27 14:36:27]---

[INFO] SDL STARTED
[INFO] ASSET MANAGER CREATED
[INFO] WINDOW CREATION SUCCESSFUL
[INFO] TEXT MANAGER INITIALIZED

----------NEW RUN----------
---[2021-07-27 14:36:38]---

[INFO] SDL STARTED
[INFO] ASSET MANAGER CREATED
[INFO] WINDOW CREATION SUCCESSFUL
[INFO] TEXT MANAGER INITIALIZED

----------NEW RUN----------
---[2021-07-27 14:37:10]---

[INFO] SDL STARTED
[INFO] ASSET MANAGER CREATED
[INFO] WINDOW CREATION SUCCESSFUL
[INFO] TEXT MANAGER INITIALIZED

----------NEW RUN----------
---[2021-07-27 14:37:20]---

[INFO] SDL STARTED
[INFO] ASSET MANAGER CREATED
[INFO] WINDOW CREATION SUCCESSFUL
[INFO] TEXT MANAGER INITIALIZED
[INFO] TEXTURE MANAGER DESTROYED
[INFO] GRAPHICS DESTROYED
[INFO] TEXT MANAGER DESTROYED

----------NEW RUN----------
---[2021-07-27 14:37:52]---

[INFO] SDL STARTED
[INFO] ASSET MANAGER CREATED
[INFO] WINDOW CREATION SUCCESSFUL
[INFO] TEXT MANAGER INITIALIZED

----------NEW RUN----------
---[2021-07-27 14:39:15]---

[INFO] SDL STARTED
[INFO] ASSET MANAGER CREATED
[INFO] WINDOW CREATION SUCCESSFUL
[INFO] TEXT MANAGER INITIALIZED

----------NEW RUN----------
---[2021-07-27 14:39:23]---

[INFO] SDL STARTED
[INFO] ASSET MANAGER CREATED
[INFO] WINDOW CREATION SUCCESSFUL
[INFO] TEXT MANAGER INITIALIZED

----------NEW RUN----------
---[2021-07-27 14:40:38]---

[INFO] SDL STARTED
[INFO] ASSET MANAGER CREATED
[INFO] WINDOW CREATION SUCCESSFUL
[INFO] TEXT MANAGER INITIALIZED